INFO - 2022-01-17 17:58:39,353 - La cantidad de filas del dataframe es: 1007
INFO - 2022-01-17 17:58:39,355 - ------- Eliminacion de duplicados -------
INFO - 2022-01-17 17:58:39,355 - La cantidad de filas del dataframe es: 1007
INFO - 2022-01-17 17:58:39,356 - ------- Eliminacion de NaN >= 2 por fila -------
INFO - 2022-01-17 17:58:39,356 - La cantidad de filas del dataframe es: 993
INFO - 2022-01-17 17:58:39,357 - ------- Validación de únicos -------
INFO - 2022-01-17 17:58:39,357 - La cantidad de filas del dataframe despues de las validaciones es: 993
INFO - 2022-01-17 17:58:39,357 - ------- Validate int, null and empty -------
INFO - 2022-01-17 17:58:39,360 - ------- Validate regex -------
INFO - 2022-01-17 17:58:39,360 - La cantidad de filas del dataframe despues de las validaciones es: 983
INFO - 2022-01-17 17:58:39,361 - ------- Validate regex -------
INFO - 2022-01-17 17:58:39,361 - La cantidad de filas del dataframe despues de las validaciones es: 978
INFO - 2022-01-17 17:58:39,362 - ------- Validación de únicos -------
INFO - 2022-01-17 17:58:39,362 - La cantidad de filas del dataframe despues de las validaciones es: 976
INFO - 2022-01-17 17:58:39,362 - ------- Validate int, null and empty -------
INFO - 2022-01-17 17:58:39,364 - ------- Validación de únicos -------
INFO - 2022-01-17 17:58:39,364 - La cantidad de filas del dataframe despues de las validaciones es: 970
INFO - 2022-01-17 17:58:39,366 - ------- Validate regex -------
INFO - 2022-01-17 17:58:39,366 - La cantidad de filas del dataframe despues de las validaciones es: 969
INFO - 2022-01-17 17:58:39,366 - ------- Summary -------
INFO - 2022-01-17 17:58:39,366 - La cantidad de filas del dataframe original es: 1007
INFO - 2022-01-17 17:58:39,366 - La cantidad de filas del dataframe despues de las validaciones es: 969
INFO - 2022-01-17 17:58:39,366 - Cantidad de filas eliminadas: 38
INFO - 2022-01-17 17:58:39,366 - La calidad del dataframe es del: 96.22641509433963%
INFO - 2022-01-17 17:58:39,366 - ---------------------------------------------------------------------------
